Using pre-set license
Built from '2021.3/staging' branch; Version is '2021.3.2f1 (d6360bedb9a0) revision 14038539'; Using compiler version '192829333'; Build Type 'Release'
OS: 'Windows 10  (10.0.19043) 64bit ProfessionalEducation' Language: 'en' Physical Memory: 7842 MB
BatchMode: 1, IsHumanControllingUs: 0, StartBugReporterOnCrash: 0, Is64bit: 1, IsPro: 1

COMMAND LINE ARGUMENTS:
C:\Program Files\Unity\Hub\Editor\2021.3.2f1\Editor\Unity.exe
-adb2
-batchMode
-noUpm
-name
AssetImportWorker0
-projectPath
C:/Users/fazek/Documents/Unity Projects/Karoj-kifozdeje
-logFile
Logs/AssetImportWorker0.log
-srvPort
55877
Successfully changed project path to: C:/Users/fazek/Documents/Unity Projects/Karoj-kifozdeje
C:/Users/fazek/Documents/Unity Projects/Karoj-kifozdeje
[UnityMemory] Configuration Parameters - Can be set up in boot.config
    "memorysetup-bucket-allocator-granularity=16"
    "memorysetup-bucket-allocator-bucket-count=8"
    "memorysetup-bucket-allocator-block-size=33554432"
    "memorysetup-bucket-allocator-block-count=8"
    "memorysetup-main-allocator-block-size=16777216"
    "memorysetup-thread-allocator-block-size=16777216"
    "memorysetup-gfx-main-allocator-block-size=16777216"
    "memorysetup-gfx-thread-allocator-block-size=16777216"
    "memorysetup-cache-allocator-block-size=4194304"
    "memorysetup-typetree-allocator-block-size=2097152"
    "memorysetup-profiler-bucket-allocator-granularity=16"
    "memorysetup-profiler-bucket-allocator-bucket-count=8"
    "memorysetup-profiler-bucket-allocator-block-size=33554432"
    "memorysetup-profiler-bucket-allocator-block-count=8"
    "memorysetup-profiler-allocator-block-size=16777216"
    "memorysetup-profiler-editor-allocator-block-size=1048576"
    "memorysetup-temp-allocator-size-main=16777216"
    "memorysetup-job-temp-allocator-block-size=2097152"
    "memorysetup-job-temp-allocator-block-size-background=1048576"
    "memorysetup-job-temp-allocator-reduction-small-platforms=262144"
    "memorysetup-temp-allocator-size-background-worker=32768"
    "memorysetup-temp-allocator-size-job-worker=262144"
    "memorysetup-temp-allocator-size-preload-manager=33554432"
    "memorysetup-temp-allocator-size-nav-mesh-worker=65536"
    "memorysetup-temp-allocator-size-audio-worker=65536"
    "memorysetup-temp-allocator-size-cloud-worker=32768"
    "memorysetup-temp-allocator-size-gi-baking-worker=262144"
    "memorysetup-temp-allocator-size-gfx=262144"
Refreshing native plugins compatible for Editor in 96.46 ms, found 3 plugins.
Preloading 0 native plugins for Editor in 0.00 ms.
Initialize engine version: 2021.3.2f1 (d6360bedb9a0)
[Subsystems] Discovering subsystems at path C:/Program Files/Unity/Hub/Editor/2021.3.2f1/Editor/Data/Resources/UnitySubsystems
[Subsystems] Discovering subsystems at path C:/Users/fazek/Documents/Unity Projects/Karoj-kifozdeje/Assets
GfxDevice: creating device client; threaded=0; jobified=0
Direct3D:
    Version:  Direct3D 11.0 [level 11.1]
    Renderer: Intel(R) UHD Graphics (ID=0x9a78)
    Vendor:   Intel
    VRAM:     3921 MB
    Driver:   30.0.101.1404
Initialize mono
Mono path[0] = 'C:/Program Files/Unity/Hub/Editor/2021.3.2f1/Editor/Data/Managed'
Mono path[1] = 'C:/Program Files/Unity/Hub/Editor/2021.3.2f1/Editor/Data/MonoBleedingEdge/lib/mono/unityjit-win32'
Mono config path = 'C:/Program Files/Unity/Hub/Editor/2021.3.2f1/Editor/Data/MonoBleedingEdge/etc'
Using monoOptions --debugger-agent=transport=dt_socket,embedding=1,server=y,suspend=n,address=127.0.0.1:56372
Begin MonoManager ReloadAssembly
Registering precompiled unity dll's ...
Register platform support module: C:/Program Files/Unity/Hub/Editor/2021.3.2f1/Editor/Data/PlaybackEngines/WebGLSupport/UnityEditor.WebGL.Extensions.dll
Register platform support module: C:/Program Files/Unity/Hub/Editor/2021.3.2f1/Editor/Data/PlaybackEngines/WindowsStandaloneSupport/UnityEditor.WindowsStandalone.Extensions.dll
Registered in 0.013461 seconds.
Native extension for WindowsStandalone target not found
Native extension for WebGL target not found
Refreshing native plugins compatible for Editor in 110.77 ms, found 3 plugins.
Preloading 0 native plugins for Editor in 0.00 ms.
Mono: successfully reloaded assembly
- Completed reload, in  1.461 seconds
Domain Reload Profiling:
	ReloadAssembly (1464ms)
		BeginReloadAssembly (161ms)
			ExecutionOrderSort (0ms)
			DisableScriptedObjects (0ms)
			BackupInstance (0ms)
			ReleaseScriptingObjects (0ms)
			CreateAndSetChildDomain (2ms)
		EndReloadAssembly (1046ms)
			LoadAssemblies (155ms)
			RebuildTransferFunctionScriptingTraits (0ms)
			SetupTypeCache (200ms)
			ReleaseScriptCaches (0ms)
			RebuildScriptCaches (79ms)
			SetupLoadedEditorAssemblies (659ms)
				LogAssemblyErrors (0ms)
				InitializePlatformSupportModulesInManaged (27ms)
				SetLoadedEditorAssemblies (0ms)
				RefreshPlugins (111ms)
				BeforeProcessingInitializeOnLoad (3ms)
				ProcessInitializeOnLoadAttributes (387ms)
				ProcessInitializeOnLoadMethodAttributes (130ms)
				AfterProcessingInitializeOnLoad (0ms)
				EditorAssembliesLoaded (0ms)
			ExecutionOrderSort2 (0ms)
			AwakeInstancesAfterBackupRestoration (0ms)
Platform modules already initialized, skipping
Registering precompiled user dll's ...
Registered in 0.014468 seconds.
Begin MonoManager ReloadAssembly
Native extension for WindowsStandalone target not found
Native extension for WebGL target not found
Refreshing native plugins compatible for Editor in 93.35 ms, found 3 plugins.
Preloading 0 native plugins for Editor in 0.00 ms.
Mono: successfully reloaded assembly
- Completed reload, in  2.238 seconds
Domain Reload Profiling:
	ReloadAssembly (2240ms)
		BeginReloadAssembly (240ms)
			ExecutionOrderSort (0ms)
			DisableScriptedObjects (12ms)
			BackupInstance (0ms)
			ReleaseScriptingObjects (0ms)
			CreateAndSetChildDomain (43ms)
		EndReloadAssembly (1734ms)
			LoadAssemblies (169ms)
			RebuildTransferFunctionScriptingTraits (0ms)
			SetupTypeCache (452ms)
			ReleaseScriptCaches (1ms)
			RebuildScriptCaches (101ms)
			SetupLoadedEditorAssemblies (912ms)
				LogAssemblyErrors (0ms)
				InitializePlatformSupportModulesInManaged (15ms)
				SetLoadedEditorAssemblies (1ms)
				RefreshPlugins (93ms)
				BeforeProcessingInitializeOnLoad (169ms)
				ProcessInitializeOnLoadAttributes (520ms)
				ProcessInitializeOnLoadMethodAttributes (93ms)
				AfterProcessingInitializeOnLoad (20ms)
				EditorAssembliesLoaded (0ms)
			ExecutionOrderSort2 (0ms)
			AwakeInstancesAfterBackupRestoration (11ms)
Platform modules already initialized, skipping
========================================================================
Worker process is ready to serve import requests
Launched and connected shader compiler UnityShaderCompiler.exe after 0.11 seconds
Refreshing native plugins compatible for Editor in 0.80 ms, found 3 plugins.
Preloading 0 native plugins for Editor in 0.00 ms.
Unloading 2458 Unused Serialized files (Serialized files now loaded: 0)
Unloading 33 unused Assets / (56.3 KB). Loaded Objects now: 2918.
Memory consumption went from 109.0 MB to 108.9 MB.
Total: 6.335400 ms (FindLiveObjects: 0.341000 ms CreateObjectMapping: 0.244200 ms MarkObjects: 5.400300 ms  DeleteObjects: 0.347000 ms)

AssetImportParameters requested are different than current active one (requested -> active):
  custom:video-decoder-ogg-theora: a1e56fd34408186e4bbccfd4996cb3dc -> 
  custom:container-muxer-webm: aa71ff27fc2769a1b78a27578f13a17b -> 
  custom:container-demuxer-webm: 4f35f7cbe854078d1ac9338744f61a02 -> 
  custom:video-encoder-webm-vp8: eb34c28f22e8b96e1ab97ce403110664 -> 
  custom:video-codec-MediaFoundation-h265: 746d11721c4dcdbdad8f713fa42b33f4 -> 
  custom:audio-encoder-webm-vorbis: bf7c407c2cedff20999df2af8eb42d56 -> 
  custom:framework-win-MediaFoundation: 216162199b28c13a410421893ffa2e32 -> 
  custom:container-demuxer-ogg: 62fdf1f143b41e24485cea50d1cbac27 -> 
  custom:video-decoder-webm-vp8: 9c59270c3fd7afecdb556c50c9e8de78 -> 
  custom:audio-decoder-ogg-vorbis: bf7c407c2cedff20999df2af8eb42d56 -> 
========================================================================
Received Import Request.
  Time since last request: 261794.810099 seconds.
  path: Assets/Images/onion_sliced.png
  artifactKey: Guid(5edc63b7fad662b44a93e4ff6ec037b0) Importer(815301076,1909f56bfc062723c751e8b465ee728b)
Start importing Assets/Images/onion_sliced.png using Guid(5edc63b7fad662b44a93e4ff6ec037b0) Importer(815301076,1909f56bfc062723c751e8b465ee728b)  -> (artifact id: '49b89085c4e66e78d6e038d0c813d3cb') in 0.320681 seconds 
========================================================================
Received Import Request.
  Time since last request: 0.000062 seconds.
  path: Assets/Images/plate.png
  artifactKey: Guid(233372b09a7e44e41a002babeb64a59f) Importer(815301076,1909f56bfc062723c751e8b465ee728b)
Start importing Assets/Images/plate.png using Guid(233372b09a7e44e41a002babeb64a59f) Importer(815301076,1909f56bfc062723c751e8b465ee728b)  -> (artifact id: '29ef00df57fee53c180ee04a7abf9b97') in 0.064414 seconds 
========================================================================
Received Import Request.
  Time since last request: 0.000181 seconds.
  path: Assets/Images/bread.png
  artifactKey: Guid(6ecde5bea1e85a64da02c651cfaf4195) Importer(815301076,1909f56bfc062723c751e8b465ee728b)
Start importing Assets/Images/bread.png using Guid(6ecde5bea1e85a64da02c651cfaf4195) Importer(815301076,1909f56bfc062723c751e8b465ee728b)  -> (artifact id: 'aad166dd98f4a01f6c1ef68da723b8fa') in 0.051001 seconds 
========================================================================
Received Import Request.
  Time since last request: 0.000034 seconds.
  path: Assets/Images/fazek.png
  artifactKey: Guid(515faa1171f31b74fb8d72e879275dd8) Importer(815301076,1909f56bfc062723c751e8b465ee728b)
Start importing Assets/Images/fazek.png using Guid(515faa1171f31b74fb8d72e879275dd8) Importer(815301076,1909f56bfc062723c751e8b465ee728b)  -> (artifact id: '5d334ecdbdbd27e21e9b06c24dd05337') in 0.040130 seconds 
========================================================================
Received Import Request.
  Time since last request: 0.000026 seconds.
  path: Assets/Images/sink.png
  artifactKey: Guid(4b7f8e59ef1180b4f8fb57fe6ea9b61d) Importer(815301076,1909f56bfc062723c751e8b465ee728b)
Start importing Assets/Images/sink.png using Guid(4b7f8e59ef1180b4f8fb57fe6ea9b61d) Importer(815301076,1909f56bfc062723c751e8b465ee728b)  -> (artifact id: 'e63c08868cfe68ae1cf379bbb7f055db') in 0.044201 seconds 
========================================================================
Received Import Request.
  Time since last request: 0.000373 seconds.
  path: Assets/Images/sliced_bread.png
  artifactKey: Guid(a91732bb997be994e80edd0614196511) Importer(815301076,1909f56bfc062723c751e8b465ee728b)
Start importing Assets/Images/sliced_bread.png using Guid(a91732bb997be994e80edd0614196511) Importer(815301076,1909f56bfc062723c751e8b465ee728b)  -> (artifact id: 'b225233436a13d770f09dc8d305ada92') in 0.063534 seconds 
========================================================================
Received Import Request.
  Time since last request: 0.000037 seconds.
  path: Assets/Images/carrot.png
  artifactKey: Guid(eb06cd0d18114414d9f6aed5e1732e72) Importer(815301076,1909f56bfc062723c751e8b465ee728b)
Start importing Assets/Images/carrot.png using Guid(eb06cd0d18114414d9f6aed5e1732e72) Importer(815301076,1909f56bfc062723c751e8b465ee728b)  -> (artifact id: '551151aea36da849b01d6eca821b38d1') in 0.031753 seconds 
========================================================================
Received Import Request.
  Time since last request: 0.000031 seconds.
  path: Assets/Images/hamburger.png
  artifactKey: Guid(27f523cfb1a81c44f8def1e8e0c05284) Importer(815301076,1909f56bfc062723c751e8b465ee728b)
Start importing Assets/Images/hamburger.png using Guid(27f523cfb1a81c44f8def1e8e0c05284) Importer(815301076,1909f56bfc062723c751e8b465ee728b)  -> (artifact id: '678a32f7c9499bce778a07d1444868dc') in 0.038859 seconds 
========================================================================
Received Import Request.
  Time since last request: 0.000041 seconds.
  path: Assets/Images/knife.png
  artifactKey: Guid(04a249d5b09e79c4791c78b62e682698) Importer(815301076,1909f56bfc062723c751e8b465ee728b)
Start importing Assets/Images/knife.png using Guid(04a249d5b09e79c4791c78b62e682698) Importer(815301076,1909f56bfc062723c751e8b465ee728b)  -> (artifact id: '2eeb04eb5b87d386ba5e785e3b3cced0') in 0.031600 seconds 
========================================================================
Received Import Request.
  Time since last request: 0.000034 seconds.
  path: Assets/Images/tomato.png
  artifactKey: Guid(0d1e46036e3888645a77e4b079c45249) Importer(815301076,1909f56bfc062723c751e8b465ee728b)
Start importing Assets/Images/tomato.png using Guid(0d1e46036e3888645a77e4b079c45249) Importer(815301076,1909f56bfc062723c751e8b465ee728b)  -> (artifact id: '41d93eec3f18236e333dd1d1b4490971') in 0.032611 seconds 
========================================================================
Received Import Request.
  Time since last request: 0.000052 seconds.
  path: Assets/Images/vegy_soup.png
  artifactKey: Guid(48e71752d607ebf4185e5e2df3a72445) Importer(815301076,1909f56bfc062723c751e8b465ee728b)
Start importing Assets/Images/vegy_soup.png using Guid(48e71752d607ebf4185e5e2df3a72445) Importer(815301076,1909f56bfc062723c751e8b465ee728b)  -> (artifact id: 'a478632293c8ece152ce5e353bf9ec4e') in 0.037354 seconds 
========================================================================
Received Import Request.
  Time since last request: 0.000035 seconds.
  path: Assets/Images/Karoj
  artifactKey: Guid(dc9073c35985cf2469b756ff91d5c992) Importer(815301076,1909f56bfc062723c751e8b465ee728b)
Start importing Assets/Images/Karoj using Guid(dc9073c35985cf2469b756ff91d5c992) Importer(815301076,1909f56bfc062723c751e8b465ee728b)  -> (artifact id: 'ae0c50691978d4c3697bc93da1c09539') in 0.013698 seconds 
========================================================================
Received Import Request.
  Time since last request: 0.000040 seconds.
  path: Assets/Images/carrot_sliced.png
  artifactKey: Guid(d964b27b6799add46b8c5c312d095f22) Importer(815301076,1909f56bfc062723c751e8b465ee728b)
Start importing Assets/Images/carrot_sliced.png using Guid(d964b27b6799add46b8c5c312d095f22) Importer(815301076,1909f56bfc062723c751e8b465ee728b)  -> (artifact id: '73729d8b166a96e1445e5bef2ce3f4b8') in 0.033167 seconds 
========================================================================
Received Import Request.
  Time since last request: 0.000207 seconds.
  path: Assets/Images/potato_sliced.png
  artifactKey: Guid(5e0cd65bb357dc742bb5fb521ebe6d15) Importer(815301076,1909f56bfc062723c751e8b465ee728b)
Start importing Assets/Images/potato_sliced.png using Guid(5e0cd65bb357dc742bb5fb521ebe6d15) Importer(815301076,1909f56bfc062723c751e8b465ee728b)  -> (artifact id: 'befac70d75273eea08a8ce89217d595e') in 0.029144 seconds 
========================================================================
Received Import Request.
  Time since last request: 0.000032 seconds.
  path: Assets/Images/tomato_sliced.png
  artifactKey: Guid(66cf942101a06c34c9b9b85964616eaa) Importer(815301076,1909f56bfc062723c751e8b465ee728b)
Start importing Assets/Images/tomato_sliced.png using Guid(66cf942101a06c34c9b9b85964616eaa) Importer(815301076,1909f56bfc062723c751e8b465ee728b)  -> (artifact id: 'd7d9890afd717435d1a048055ca255d7') in 0.032912 seconds 
========================================================================
Received Import Request.
  Time since last request: 0.000028 seconds.
  path: Assets/Images/károjv2.png
  artifactKey: Guid(9aab11e351f7a644ea98eb7cbf08d83d) Importer(815301076,1909f56bfc062723c751e8b465ee728b)
Start importing Assets/Images/károjv2.png using Guid(9aab11e351f7a644ea98eb7cbf08d83d) Importer(815301076,1909f56bfc062723c751e8b465ee728b)  -> (artifact id: 'd5759e6fedd0725aac21dd312014df0b') in 0.037347 seconds 
========================================================================
Received Import Request.
  Time since last request: 0.000087 seconds.
  path: Assets/Images/salad_bowl.png
  artifactKey: Guid(3942c2d7a8461234284638716eeed1ca) Importer(815301076,1909f56bfc062723c751e8b465ee728b)
Start importing Assets/Images/salad_bowl.png using Guid(3942c2d7a8461234284638716eeed1ca) Importer(815301076,1909f56bfc062723c751e8b465ee728b)  -> (artifact id: 'b99f5e0be4af63e262f4fd87ff3cd288') in 0.039324 seconds 
========================================================================
Received Import Request.
  Time since last request: 0.000037 seconds.
  path: Assets/Images/cupboardv2.png
  artifactKey: Guid(b31b18e070636a14a82ab5d9d1332ff1) Importer(815301076,1909f56bfc062723c751e8b465ee728b)
Start importing Assets/Images/cupboardv2.png using Guid(b31b18e070636a14a82ab5d9d1332ff1) Importer(815301076,1909f56bfc062723c751e8b465ee728b)  -> (artifact id: 'a307aa56e63326b6afdd24aed972c328') in 0.038620 seconds 
========================================================================
Received Import Request.
  Time since last request: 0.000035 seconds.
  path: Assets/Images/vizes fazek.png
  artifactKey: Guid(7e68a896784f7a74098b7122343110a4) Importer(815301076,1909f56bfc062723c751e8b465ee728b)
Start importing Assets/Images/vizes fazek.png using Guid(7e68a896784f7a74098b7122343110a4) Importer(815301076,1909f56bfc062723c751e8b465ee728b)  -> (artifact id: 'e4e16abe35fc3f6a2aedb772609e3ed0') in 0.034389 seconds 
========================================================================
Received Import Request.
  Time since last request: 0.000028 seconds.
  path: Assets/Images/potato.png
  artifactKey: Guid(8bb2ceb77b62980438f262908827565e) Importer(815301076,1909f56bfc062723c751e8b465ee728b)
Start importing Assets/Images/potato.png using Guid(8bb2ceb77b62980438f262908827565e) Importer(815301076,1909f56bfc062723c751e8b465ee728b)  -> (artifact id: '042749033b57d55342b6bc3ef715edd1') in 0.031226 seconds 
========================================================================
Received Import Request.
  Time since last request: 0.000050 seconds.
  path: Assets/Images/floor.png
  artifactKey: Guid(f2c1e6059c149db4388872bb993d8275) Importer(815301076,1909f56bfc062723c751e8b465ee728b)
Start importing Assets/Images/floor.png using Guid(f2c1e6059c149db4388872bb993d8275) Importer(815301076,1909f56bfc062723c751e8b465ee728b)  -> (artifact id: 'dd7453e8dd03469cda2271d08e31eb41') in 0.030590 seconds 
========================================================================
Received Import Request.
  Time since last request: 0.000027 seconds.
  path: Assets/Images/oven.png
  artifactKey: Guid(7f0642a8dc476354aa2ed21571366bfb) Importer(815301076,1909f56bfc062723c751e8b465ee728b)
Start importing Assets/Images/oven.png using Guid(7f0642a8dc476354aa2ed21571366bfb) Importer(815301076,1909f56bfc062723c751e8b465ee728b)  -> (artifact id: '21e558bb629d7b5c3369139490ac125a') in 0.038238 seconds 
========================================================================
Received Import Request.
  Time since last request: 0.000070 seconds.
  path: Assets/Images/onion.png
  artifactKey: Guid(29c35bcf45278ce4d8b41aee8a794303) Importer(815301076,1909f56bfc062723c751e8b465ee728b)
Start importing Assets/Images/onion.png using Guid(29c35bcf45278ce4d8b41aee8a794303) Importer(815301076,1909f56bfc062723c751e8b465ee728b)  -> (artifact id: 'd0b03b9e6437e9f2d70e5507103cbd03') in 0.030568 seconds 
========================================================================
Received Import Request.
  Time since last request: 0.000061 seconds.
  path: Assets/Images/tomato_soup.png
  artifactKey: Guid(f4b3e0473c3fde64d8171cc72c81728f) Importer(815301076,1909f56bfc062723c751e8b465ee728b)
Start importing Assets/Images/tomato_soup.png using Guid(f4b3e0473c3fde64d8171cc72c81728f) Importer(815301076,1909f56bfc062723c751e8b465ee728b)  -> (artifact id: 'e81a0baab640f5bd8ab02df30ebc0151') in 0.039591 seconds 
========================================================================
Received Import Request.
  Time since last request: 0.000033 seconds.
  path: Assets/Images/cupboard.png
  artifactKey: Guid(54dfbfe7e86fa0d439602af1c8974680) Importer(815301076,1909f56bfc062723c751e8b465ee728b)
Start importing Assets/Images/cupboard.png using Guid(54dfbfe7e86fa0d439602af1c8974680) Importer(815301076,1909f56bfc062723c751e8b465ee728b)  -> (artifact id: 'd79fd9506120925ff8a00bff492e8b1e') in 0.036926 seconds 
========================================================================
Received Import Request.
  Time since last request: 0.000031 seconds.
  path: Assets/Images/salad.png
  artifactKey: Guid(0908fbeb6db87e542a2c3b802a537058) Importer(815301076,1909f56bfc062723c751e8b465ee728b)
Start importing Assets/Images/salad.png using Guid(0908fbeb6db87e542a2c3b802a537058) Importer(815301076,1909f56bfc062723c751e8b465ee728b)  -> (artifact id: '3b36a4d35fc0cac0d0235f97d9dc0252') in 0.035532 seconds 
========================================================================
Received Import Request.
  Time since last request: 0.000028 seconds.
  path: Assets/Images/vagodeszka.png
  artifactKey: Guid(2a01e23a52577bb4ab928290cde469ff) Importer(815301076,1909f56bfc062723c751e8b465ee728b)
Start importing Assets/Images/vagodeszka.png using Guid(2a01e23a52577bb4ab928290cde469ff) Importer(815301076,1909f56bfc062723c751e8b465ee728b)  -> (artifact id: 'ba3261df2a5748f939a4342ecc3dfedf') in 0.037943 seconds 
========================================================================
Received Prepare
Registering precompiled user dll's ...
Registered in 0.012288 seconds.
Begin MonoManager ReloadAssembly
Native extension for WindowsStandalone target not found
Native extension for WebGL target not found
Refreshing native plugins compatible for Editor in 1.03 ms, found 3 plugins.
Preloading 0 native plugins for Editor in 0.00 ms.
Mono: successfully reloaded assembly
- Completed reload, in  2.142 seconds
Domain Reload Profiling:
	ReloadAssembly (2143ms)
		BeginReloadAssembly (309ms)
			ExecutionOrderSort (0ms)
			DisableScriptedObjects (16ms)
			BackupInstance (0ms)
			ReleaseScriptingObjects (0ms)
			CreateAndSetChildDomain (79ms)
		EndReloadAssembly (1573ms)
			LoadAssemblies (201ms)
			RebuildTransferFunctionScriptingTraits (0ms)
			SetupTypeCache (468ms)
			ReleaseScriptCaches (2ms)
			RebuildScriptCaches (126ms)
			SetupLoadedEditorAssemblies (701ms)
				LogAssemblyErrors (0ms)
				InitializePlatformSupportModulesInManaged (39ms)
				SetLoadedEditorAssemblies (1ms)
				RefreshPlugins (1ms)
				BeforeProcessingInitializeOnLoad (145ms)
				ProcessInitializeOnLoadAttributes (423ms)
				ProcessInitializeOnLoadMethodAttributes (74ms)
				AfterProcessingInitializeOnLoad (17ms)
				EditorAssembliesLoaded (0ms)
			ExecutionOrderSort2 (0ms)
			AwakeInstancesAfterBackupRestoration (13ms)
Platform modules already initialized, skipping
Refreshing native plugins compatible for Editor in 2.36 ms, found 3 plugins.
Preloading 0 native plugins for Editor in 0.00 ms.
Unloading 2447 Unused Serialized files (Serialized files now loaded: 0)
Unloading 20 unused Assets / (24.7 KB). Loaded Objects now: 2930.
Memory consumption went from 112.1 MB to 112.1 MB.
Total: 5.389400 ms (FindLiveObjects: 0.651000 ms CreateObjectMapping: 0.230900 ms MarkObjects: 4.476000 ms  DeleteObjects: 0.029600 ms)

AssetImportParameters requested are different than current active one (requested -> active):
  custom:video-decoder-ogg-theora: a1e56fd34408186e4bbccfd4996cb3dc -> 
  custom:container-muxer-webm: aa71ff27fc2769a1b78a27578f13a17b -> 
  custom:container-demuxer-webm: 4f35f7cbe854078d1ac9338744f61a02 -> 
  custom:video-encoder-webm-vp8: eb34c28f22e8b96e1ab97ce403110664 -> 
  custom:video-codec-MediaFoundation-h265: 746d11721c4dcdbdad8f713fa42b33f4 -> 
  custom:audio-encoder-webm-vorbis: bf7c407c2cedff20999df2af8eb42d56 -> 
  custom:framework-win-MediaFoundation: 216162199b28c13a410421893ffa2e32 -> 
  custom:container-demuxer-ogg: 62fdf1f143b41e24485cea50d1cbac27 -> 
  custom:video-decoder-webm-vp8: 9c59270c3fd7afecdb556c50c9e8de78 -> 
  custom:audio-decoder-ogg-vorbis: bf7c407c2cedff20999df2af8eb42d56 -> 
========================================================================
Received Prepare
Registering precompiled user dll's ...
Registered in 0.007457 seconds.
Begin MonoManager ReloadAssembly
Native extension for WindowsStandalone target not found
Native extension for WebGL target not found
Refreshing native plugins compatible for Editor in 0.89 ms, found 3 plugins.
Preloading 0 native plugins for Editor in 0.00 ms.
Mono: successfully reloaded assembly
- Completed reload, in  2.017 seconds
Domain Reload Profiling:
	ReloadAssembly (2019ms)
		BeginReloadAssembly (234ms)
			ExecutionOrderSort (0ms)
			DisableScriptedObjects (13ms)
			BackupInstance (0ms)
			ReleaseScriptingObjects (0ms)
			CreateAndSetChildDomain (58ms)
		EndReloadAssembly (1559ms)
			LoadAssemblies (167ms)
			RebuildTransferFunctionScriptingTraits (0ms)
			SetupTypeCache (430ms)
			ReleaseScriptCaches (3ms)
			RebuildScriptCaches (95ms)
			SetupLoadedEditorAssemblies (752ms)
				LogAssemblyErrors (0ms)
				InitializePlatformSupportModulesInManaged (27ms)
				SetLoadedEditorAssemblies (1ms)
				RefreshPlugins (1ms)
				BeforeProcessingInitializeOnLoad (130ms)
				ProcessInitializeOnLoadAttributes (478ms)
				ProcessInitializeOnLoadMethodAttributes (93ms)
				AfterProcessingInitializeOnLoad (20ms)
				EditorAssembliesLoaded (0ms)
			ExecutionOrderSort2 (0ms)
			AwakeInstancesAfterBackupRestoration (18ms)
Platform modules already initialized, skipping
Refreshing native plugins compatible for Editor in 3.43 ms, found 3 plugins.
Preloading 0 native plugins for Editor in 0.00 ms.
Unloading 2447 Unused Serialized files (Serialized files now loaded: 0)
Unloading 20 unused Assets / (24.7 KB). Loaded Objects now: 2933.
Memory consumption went from 112.1 MB to 112.1 MB.
Total: 5.498200 ms (FindLiveObjects: 0.265700 ms CreateObjectMapping: 0.499800 ms MarkObjects: 4.690000 ms  DeleteObjects: 0.040500 ms)

AssetImportParameters requested are different than current active one (requested -> active):
  custom:video-decoder-ogg-theora: a1e56fd34408186e4bbccfd4996cb3dc -> 
  custom:container-muxer-webm: aa71ff27fc2769a1b78a27578f13a17b -> 
  custom:container-demuxer-webm: 4f35f7cbe854078d1ac9338744f61a02 -> 
  custom:video-encoder-webm-vp8: eb34c28f22e8b96e1ab97ce403110664 -> 
  custom:video-codec-MediaFoundation-h265: 746d11721c4dcdbdad8f713fa42b33f4 -> 
  custom:audio-encoder-webm-vorbis: bf7c407c2cedff20999df2af8eb42d56 -> 
  custom:framework-win-MediaFoundation: 216162199b28c13a410421893ffa2e32 -> 
  custom:container-demuxer-ogg: 62fdf1f143b41e24485cea50d1cbac27 -> 
  custom:video-decoder-webm-vp8: 9c59270c3fd7afecdb556c50c9e8de78 -> 
  custom:audio-decoder-ogg-vorbis: bf7c407c2cedff20999df2af8eb42d56 -> 
========================================================================
Received Import Request.
  Time since last request: 121.867260 seconds.
  path: Assets/Animations/Karoj.controller
  artifactKey: Guid(d773d021b11e594409bf196bf55df76f) Importer(815301076,1909f56bfc062723c751e8b465ee728b)
Start importing Assets/Animations/Karoj.controller using Guid(d773d021b11e594409bf196bf55df76f) Importer(815301076,1909f56bfc062723c751e8b465ee728b)  -> (artifact id: '93dd9608140e99fe9357667a98de63c2') in 0.036822 seconds 
========================================================================
Received Prepare
Registering precompiled user dll's ...
Registered in 0.015755 seconds.
Begin MonoManager ReloadAssembly
Native extension for WindowsStandalone target not found
Native extension for WebGL target not found
Refreshing native plugins compatible for Editor in 0.89 ms, found 3 plugins.
Preloading 0 native plugins for Editor in 0.00 ms.
Mono: successfully reloaded assembly
- Completed reload, in  2.146 seconds
Domain Reload Profiling:
	ReloadAssembly (2147ms)
		BeginReloadAssembly (286ms)
			ExecutionOrderSort (0ms)
			DisableScriptedObjects (19ms)
			BackupInstance (0ms)
			ReleaseScriptingObjects (0ms)
			CreateAndSetChildDomain (81ms)
		EndReloadAssembly (1600ms)
			LoadAssemblies (190ms)
			RebuildTransferFunctionScriptingTraits (0ms)
			SetupTypeCache (499ms)
			ReleaseScriptCaches (3ms)
			RebuildScriptCaches (114ms)
			SetupLoadedEditorAssemblies (704ms)
				LogAssemblyErrors (0ms)
				InitializePlatformSupportModulesInManaged (25ms)
				SetLoadedEditorAssemblies (1ms)
				RefreshPlugins (1ms)
				BeforeProcessingInitializeOnLoad (144ms)
				ProcessInitializeOnLoadAttributes (449ms)
				ProcessInitializeOnLoadMethodAttributes (61ms)
				AfterProcessingInitializeOnLoad (22ms)
				EditorAssembliesLoaded (1ms)
			ExecutionOrderSort2 (0ms)
			AwakeInstancesAfterBackupRestoration (18ms)
Platform modules already initialized, skipping
Refreshing native plugins compatible for Editor in 2.48 ms, found 3 plugins.
Preloading 0 native plugins for Editor in 0.00 ms.
Unloading 2447 Unused Serialized files (Serialized files now loaded: 0)
Unloading 20 unused Assets / (24.6 KB). Loaded Objects now: 2936.
Memory consumption went from 112.1 MB to 112.1 MB.
Total: 5.454600 ms (FindLiveObjects: 0.316300 ms CreateObjectMapping: 0.126700 ms MarkObjects: 4.966600 ms  DeleteObjects: 0.042400 ms)

AssetImportParameters requested are different than current active one (requested -> active):
  custom:video-decoder-ogg-theora: a1e56fd34408186e4bbccfd4996cb3dc -> 
  custom:container-muxer-webm: aa71ff27fc2769a1b78a27578f13a17b -> 
  custom:container-demuxer-webm: 4f35f7cbe854078d1ac9338744f61a02 -> 
  custom:video-encoder-webm-vp8: eb34c28f22e8b96e1ab97ce403110664 -> 
  custom:video-codec-MediaFoundation-h265: 746d11721c4dcdbdad8f713fa42b33f4 -> 
  custom:audio-encoder-webm-vorbis: bf7c407c2cedff20999df2af8eb42d56 -> 
  custom:framework-win-MediaFoundation: 216162199b28c13a410421893ffa2e32 -> 
  custom:container-demuxer-ogg: 62fdf1f143b41e24485cea50d1cbac27 -> 
  custom:video-decoder-webm-vp8: 9c59270c3fd7afecdb556c50c9e8de78 -> 
  custom:audio-decoder-ogg-vorbis: bf7c407c2cedff20999df2af8eb42d56 -> 
========================================================================
Received Prepare
Registering precompiled user dll's ...
Registered in 0.009786 seconds.
Begin MonoManager ReloadAssembly
Native extension for WindowsStandalone target not found
Native extension for WebGL target not found
Refreshing native plugins compatible for Editor in 1.56 ms, found 3 plugins.
Preloading 0 native plugins for Editor in 0.00 ms.
Mono: successfully reloaded assembly
- Completed reload, in  2.095 seconds
Domain Reload Profiling:
	ReloadAssembly (2097ms)
		BeginReloadAssembly (230ms)
			ExecutionOrderSort (0ms)
			DisableScriptedObjects (18ms)
			BackupInstance (0ms)
			ReleaseScriptingObjects (0ms)
			CreateAndSetChildDomain (53ms)
		EndReloadAssembly (1644ms)
			LoadAssemblies (158ms)
			RebuildTransferFunctionScriptingTraits (0ms)
			SetupTypeCache (461ms)
			ReleaseScriptCaches (2ms)
			RebuildScriptCaches (101ms)
			SetupLoadedEditorAssemblies (783ms)
				LogAssemblyErrors (0ms)
				InitializePlatformSupportModulesInManaged (37ms)
				SetLoadedEditorAssemblies (1ms)
				RefreshPlugins (2ms)
				BeforeProcessingInitializeOnLoad (152ms)
				ProcessInitializeOnLoadAttributes (487ms)
				ProcessInitializeOnLoadMethodAttributes (91ms)
				AfterProcessingInitializeOnLoad (13ms)
				EditorAssembliesLoaded (0ms)
			ExecutionOrderSort2 (0ms)
			AwakeInstancesAfterBackupRestoration (19ms)
Platform modules already initialized, skipping
Refreshing native plugins compatible for Editor in 3.79 ms, found 3 plugins.
Preloading 0 native plugins for Editor in 0.00 ms.
Unloading 2447 Unused Serialized files (Serialized files now loaded: 0)
Unloading 20 unused Assets / (24.6 KB). Loaded Objects now: 2939.
Memory consumption went from 112.1 MB to 112.1 MB.
Total: 6.570200 ms (FindLiveObjects: 0.522200 ms CreateObjectMapping: 0.581300 ms MarkObjects: 5.436900 ms  DeleteObjects: 0.026900 ms)

AssetImportParameters requested are different than current active one (requested -> active):
  custom:video-decoder-ogg-theora: a1e56fd34408186e4bbccfd4996cb3dc -> 
  custom:container-muxer-webm: aa71ff27fc2769a1b78a27578f13a17b -> 
  custom:container-demuxer-webm: 4f35f7cbe854078d1ac9338744f61a02 -> 
  custom:video-encoder-webm-vp8: eb34c28f22e8b96e1ab97ce403110664 -> 
  custom:video-codec-MediaFoundation-h265: 746d11721c4dcdbdad8f713fa42b33f4 -> 
  custom:audio-encoder-webm-vorbis: bf7c407c2cedff20999df2af8eb42d56 -> 
  custom:framework-win-MediaFoundation: 216162199b28c13a410421893ffa2e32 -> 
  custom:container-demuxer-ogg: 62fdf1f143b41e24485cea50d1cbac27 -> 
  custom:video-decoder-webm-vp8: 9c59270c3fd7afecdb556c50c9e8de78 -> 
  custom:audio-decoder-ogg-vorbis: bf7c407c2cedff20999df2af8eb42d56 -> 
========================================================================
Received Prepare
Registering precompiled user dll's ...
Registered in 0.009698 seconds.
Begin MonoManager ReloadAssembly
Native extension for WindowsStandalone target not found
Native extension for WebGL target not found
Refreshing native plugins compatible for Editor in 0.94 ms, found 3 plugins.
Preloading 0 native plugins for Editor in 0.00 ms.
Mono: successfully reloaded assembly
- Completed reload, in  2.292 seconds
Domain Reload Profiling:
	ReloadAssembly (2293ms)
		BeginReloadAssembly (224ms)
			ExecutionOrderSort (0ms)
			DisableScriptedObjects (10ms)
			BackupInstance (0ms)
			ReleaseScriptingObjects (0ms)
			CreateAndSetChildDomain (64ms)
		EndReloadAssembly (1655ms)
			LoadAssemblies (175ms)
			RebuildTransferFunctionScriptingTraits (0ms)
			SetupTypeCache (429ms)
			ReleaseScriptCaches (2ms)
			RebuildScriptCaches (91ms)
			SetupLoadedEditorAssemblies (840ms)
				LogAssemblyErrors (0ms)
				InitializePlatformSupportModulesInManaged (33ms)
				SetLoadedEditorAssemblies (1ms)
				RefreshPlugins (1ms)
				BeforeProcessingInitializeOnLoad (146ms)
				ProcessInitializeOnLoadAttributes (564ms)
				ProcessInitializeOnLoadMethodAttributes (84ms)
				AfterProcessingInitializeOnLoad (10ms)
				EditorAssembliesLoaded (0ms)
			ExecutionOrderSort2 (0ms)
			AwakeInstancesAfterBackupRestoration (19ms)
Platform modules already initialized, skipping
Refreshing native plugins compatible for Editor in 4.80 ms, found 3 plugins.
Preloading 0 native plugins for Editor in 0.00 ms.
Unloading 2447 Unused Serialized files (Serialized files now loaded: 0)
Unloading 20 unused Assets / (24.7 KB). Loaded Objects now: 2942.
Memory consumption went from 112.1 MB to 112.1 MB.
Total: 5.801000 ms (FindLiveObjects: 0.524300 ms CreateObjectMapping: 0.218600 ms MarkObjects: 5.012000 ms  DeleteObjects: 0.044200 ms)

AssetImportParameters requested are different than current active one (requested -> active):
  custom:video-decoder-ogg-theora: a1e56fd34408186e4bbccfd4996cb3dc -> 
  custom:container-muxer-webm: aa71ff27fc2769a1b78a27578f13a17b -> 
  custom:container-demuxer-webm: 4f35f7cbe854078d1ac9338744f61a02 -> 
  custom:video-encoder-webm-vp8: eb34c28f22e8b96e1ab97ce403110664 -> 
  custom:video-codec-MediaFoundation-h265: 746d11721c4dcdbdad8f713fa42b33f4 -> 
  custom:audio-encoder-webm-vorbis: bf7c407c2cedff20999df2af8eb42d56 -> 
  custom:framework-win-MediaFoundation: 216162199b28c13a410421893ffa2e32 -> 
  custom:container-demuxer-ogg: 62fdf1f143b41e24485cea50d1cbac27 -> 
  custom:video-decoder-webm-vp8: 9c59270c3fd7afecdb556c50c9e8de78 -> 
  custom:audio-decoder-ogg-vorbis: bf7c407c2cedff20999df2af8eb42d56 -> 
